<?xml version="1.0" encoding="UTF-8"?>
<!-- Generated by org.testng.reporters.JUnitXMLReporter -->
<testsuite ignored="0" hostname="DESKTOP-EN5F5JA" failures="3" tests="3" name="Run on HeadLess Chrome" time="40.348" errors="0" timestamp="18 Oct 2022 16:25:17 GMT">
  <testcase classname="com.nopcommerce.user.Level_09_Dynamic_Locator" name="User_01_Register_Login" time="30.043">
    <failure type="org.openqa.selenium.TimeoutException" message="Expected condition failed: waiting for element to be clickable: By.id: //a[@class= &amp;apos;ico-register&amp;apos;] (tried for 30 second(s) with 500 milliseconds interval)">
      <![CDATA[org.openqa.selenium.TimeoutException: Expected condition failed: waiting for element to be clickable: By.id: //a[@class= 'ico-register'] (tried for 30 second(s) with 500 milliseconds interval)
at org.openqa.selenium.support.ui.WebDriverWait.timeoutException(WebDriverWait.java:95)
at org.openqa.selenium.support.ui.FluentWait.until(FluentWait.java:272)
at common.BasePage.waitForElementClickAble(BasePage.java:468)
at pageObject.nopCommerce.user.UserHomePageObj.clickToRegisterLink(UserHomePageObj.java:22)
at com.nopcommerce.user.Level_09_Dynamic_Locator.User_01_Register_Login(Level_09_Dynamic_Locator.java:37)
Caused by: org.openqa.selenium.NoSuchElementException: no such element: Unable to locate element: {"method":"css selector","selector":"#\/\/a\[\@class\=\ \'ico\-register\'\]"}
  (Session info: headless chrome=106.0.5249.119)
For documentation on this error, please visit: https://www.seleniumhq.org/exceptions/no_such_element.html
Build info: version: '3.141.59', revision: 'e82be7d358', time: '2018-11-14T08:25:53'
System info: host: 'DESKTOP-EN5F5JA', ip: '192.168.1.23', os.name: 'Windows 10', os.arch: 'amd64', os.version: '10.0', java.version: '15.0.2'
Driver info: org.openqa.selenium.chrome.ChromeDriver
Capabilities {acceptInsecureCerts: false, browserName: chrome, browserVersion: 106.0.5249.119, chrome: {chromedriverVersion: 106.0.5249.61 (511755355844..., userDataDir: C:\Users\ADMIN\AppData\Loca...}, goog:chromeOptions: {debuggerAddress: localhost:54991}, javascriptEnabled: true, networkConnectionEnabled: false, pageLoadStrategy: normal, platform: WINDOWS, platformName: WINDOWS, proxy: Proxy(), setWindowRect: true, strictFileInteractability: false, timeouts: {implicit: 0, pageLoad: 300000, script: 30000}, unhandledPromptBehavior: dismiss and notify, webauthn:extension:credBlob: true, webauthn:extension:largeBlob: true, webauthn:virtualAuthenticators: true}
Session ID: e179bfa34660c47f5414dac234d6e01e
*** Element info: {Using=id, value=//a[@class= 'ico-register']}
at org.openqa.selenium.remote.http.W3CHttpResponseCodec.createException(W3CHttpResponseCodec.java:187)
at org.openqa.selenium.remote.http.W3CHttpResponseCodec.decode(W3CHttpResponseCodec.java:122)
at org.openqa.selenium.remote.http.W3CHttpResponseCodec.decode(W3CHttpResponseCodec.java:49)
at org.openqa.selenium.remote.HttpCommandExecutor.execute(HttpCommandExecutor.java:158)
at org.openqa.selenium.remote.service.DriverCommandExecutor.execute(DriverCommandExecutor.java:83)
at org.openqa.selenium.remote.RemoteWebDriver.execute(RemoteWebDriver.java:552)
at org.openqa.selenium.remote.RemoteWebDriver.findElement(RemoteWebDriver.java:323)
at org.openqa.selenium.remote.RemoteWebDriver.findElementById(RemoteWebDriver.java:372)
at org.openqa.selenium.By$ById.findElement(By.java:188)
at org.openqa.selenium.remote.RemoteWebDriver.findElement(RemoteWebDriver.java:315)
at org.openqa.selenium.support.ui.ExpectedConditions$7.apply(ExpectedConditions.java:205)
at org.openqa.selenium.support.ui.ExpectedConditions$7.apply(ExpectedConditions.java:201)
at org.openqa.selenium.support.ui.ExpectedConditions$22.apply(ExpectedConditions.java:641)
at org.openqa.selenium.support.ui.ExpectedConditions$22.apply(ExpectedConditions.java:638)
at org.openqa.selenium.support.ui.FluentWait.until(FluentWait.java:249)
... 28 more
... Removed 30 stack frames]]>
    </failure>
  </testcase> <!-- User_01_Register_Login -->
  <testcase classname="com.nopcommerce.user.Level_09_Dynamic_Locator" name="User_02_Switch_Page" time="0.0">
    <failure type="java.lang.NullPointerException" message="Cannot invoke &amp;quot;pageObject.nopCommerce.user.UserCustomerInforPageObj.openAddressPage(org.openqa.selenium.WebDriver)&amp;quot; because &amp;quot;this.customerInforPage&amp;quot; is null">
      <![CDATA[java.lang.NullPointerException: Cannot invoke "pageObject.nopCommerce.user.UserCustomerInforPageObj.openAddressPage(org.openqa.selenium.WebDriver)" because "this.customerInforPage" is null
at com.nopcommerce.user.Level_09_Dynamic_Locator.User_02_Switch_Page(Level_09_Dynamic_Locator.java:78)
... Removed 25 stack frames]]>
    </failure>
  </testcase> <!-- User_02_Switch_Page -->
  <testcase classname="com.nopcommerce.user.Level_09_Dynamic_Locator" name="User_03_Dynamic_Page_01" time="0.001">
    <failure type="java.lang.NullPointerException" message="Cannot invoke &amp;quot;pageObject.nopCommerce.user.UserMyProductReviewPageObj.openPagesAtMyAccountByName(org.openqa.selenium.WebDriver, String)&amp;quot; because &amp;quot;this.myProductPage&amp;quot; is null">
      <![CDATA[java.lang.NullPointerException: Cannot invoke "pageObject.nopCommerce.user.UserMyProductReviewPageObj.openPagesAtMyAccountByName(org.openqa.selenium.WebDriver, String)" because "this.myProductPage" is null
at com.nopcommerce.user.Level_09_Dynamic_Locator.User_03_Dynamic_Page_01(Level_09_Dynamic_Locator.java:91)
... Removed 25 stack frames]]>
    </failure>
  </testcase> <!-- User_03_Dynamic_Page_01 -->
</testsuite> <!-- Run on HeadLess Chrome -->
