<?xml version="1.0" encoding="UTF-8"?>
<!-- Generated by org.testng.reporters.JUnitXMLReporter -->
<testsuite ignored="0" hostname="DESKTOP-EN5F5JA" failures="1" tests="2" name="Run on Chrome" time="9.359" errors="0" timestamp="28 Nov 2022 15:25:56 GMT">
  <testcase classname="com.nopcommerce.user.Level_18_Allure" name="User_01_Register" time="3.175"/>
  <testcase classname="com.nopcommerce.user.Level_18_Allure" name="User_02_Login" time="2.005">
    <failure type="java.lang.AssertionError" message="expected [false] but found [true]">
      <![CDATA[java.lang.AssertionError: expected [false] but found [true]
at com.nopcommerce.user.Level_18_Allure.User_02_Login(Level_18_Allure.java:96)
... Removed 29 stack frames]]>
    </failure>
  </testcase> <!-- User_02_Login -->
</testsuite> <!-- Run on Chrome -->
